[2018-10-10 15:46:07:0002] | CInterfaceManager.cpp-L4481: CamCtrl[2020004], GigE SDKVersion(1040004), DriverVersion(1040004)
[2018-10-10 15:46:07:0402] | CInterfaceManager.cpp-L1065: remalloc RecvBuf succeed, [26216448]
[2018-10-10 15:46:07:0433] | CInterfaceManager.cpp-L4168: Camctrl RecvThread Start, ThreadId[3044]
[2018-10-10 15:46:07:0433] | CInterfaceManager.cpp-L3998: Camctrl DisplayThread Start, ThreadId[7612]
[2018-10-10 15:46:07:0444] |         XmlParse.cpp-L2256: SetNodeValue [LineMode], [Failed to write enumeration value. Enum entry is not writable : AccessException thrown in node 'LineMode' while calling 'LineMode.SetIntValue()' (file 'Enumeration.cpp', line 149)]
[2018-10-10 15:46:07:0448] |         XmlParse.cpp-L2256: SetNodeValue [ExposureAuto], [Node is not writable. : AccessException thrown in node 'ExposureAuto' while calling 'ExposureAuto.SetIntValue()' (file 'EnumerationT.h', line 83)]
[2018-10-10 15:46:07:0452] |         XmlParse.cpp-L2398: SetNodeValue [ExposureTime], [Value 0.000000 must be greater than or equal 17.000000. : OutOfRangeException thrown in node 'ExposureTime' while calling 'ExposureTime.SetValue()' (file 'FloatT.h', line 85)]
[2018-10-10 15:46:56:0225] |         XmlParse.cpp-L2256: SetNodeValue [ExposureAuto], [Node is not writable. : AccessException thrown in node 'ExposureAuto' while calling 'ExposureAuto.SetIntValue()' (file 'EnumerationT.h', line 83)]
[2018-10-10 15:46:56:0228] |         XmlParse.cpp-L2398: SetNodeValue [ExposureTime], [Value 0.000000 must be greater than or equal 17.000000. : OutOfRangeException thrown in node 'ExposureTime' while calling 'ExposureTime.SetValue()' (file 'FloatT.h', line 85)]
[2018-10-10 15:46:57:0004] |         XmlParse.cpp-L2256: SetNodeValue [ExposureAuto], [Node is not writable. : AccessException thrown in node 'ExposureAuto' while calling 'ExposureAuto.SetIntValue()' (file 'EnumerationT.h', line 83)]
[2018-10-10 15:48:00:0867] | CInterfaceManager.cpp-L4308: RecvThreadProcess exit
[2018-10-10 15:48:00:0940] | CInterfaceManager.cpp-L4156: DisplayProcess exit
[2018-10-10 15:52:32:0570] | CInterfaceManager.cpp-L4481: CamCtrl[2020004], GigE SDKVersion(1040004), DriverVersion(1040004)
[2018-10-10 15:52:32:0973] | CInterfaceManager.cpp-L1065: remalloc RecvBuf succeed, [26216448]
[2018-10-10 15:52:33:0003] | CInterfaceManager.cpp-L4168: Camctrl RecvThread Start, ThreadId[1376]
[2018-10-10 15:52:33:0004] | CInterfaceManager.cpp-L3998: Camctrl DisplayThread Start, ThreadId[2964]
[2018-10-10 15:52:33:0014] |         XmlParse.cpp-L2256: SetNodeValue [LineMode], [Failed to write enumeration value. Enum entry is not writable : AccessException thrown in node 'LineMode' while calling 'LineMode.SetIntValue()' (file 'Enumeration.cpp', line 149)]
[2018-10-10 15:55:35:0713] | CInterfaceManager.cpp-L4308: RecvThreadProcess exit
[2018-10-10 15:55:35:0714] | CInterfaceManager.cpp-L4156: DisplayProcess exit
[2018-10-10 15:59:44:0585] | CInterfaceManager.cpp-L4481: CamCtrl[2020004], GigE SDKVersion(1040004), DriverVersion(1040004)
[2018-10-10 15:59:44:0974] | CInterfaceManager.cpp-L1065: remalloc RecvBuf succeed, [26216448]
[2018-10-10 15:59:45:0005] | CInterfaceManager.cpp-L4168: Camctrl RecvThread Start, ThreadId[8048]
[2018-10-10 15:59:45:0005] | CInterfaceManager.cpp-L3998: Camctrl DisplayThread Start, ThreadId[1216]
[2018-10-10 15:59:45:0016] |         XmlParse.cpp-L2256: SetNodeValue [LineMode], [Failed to write enumeration value. Enum entry is not writable : AccessException thrown in node 'LineMode' while calling 'LineMode.SetIntValue()' (file 'Enumeration.cpp', line 149)]
[2018-10-10 16:11:45:0594] | CInterfaceManager.cpp-L4308: RecvThreadProcess exit
[2018-10-10 16:11:45:0647] | CInterfaceManager.cpp-L4156: DisplayProcess exit
[2018-10-10 16:14:13:0878] | CInterfaceManager.cpp-L4481: CamCtrl[2020004], GigE SDKVersion(1040004), DriverVersion(1040004)
[2018-10-10 16:14:14:0268] | CInterfaceManager.cpp-L1065: remalloc RecvBuf succeed, [26216448]
[2018-10-10 16:14:14:0299] | CInterfaceManager.cpp-L4168: Camctrl RecvThread Start, ThreadId[7632]
[2018-10-10 16:14:14:0299] | CInterfaceManager.cpp-L3998: Camctrl DisplayThread Start, ThreadId[7360]
[2018-10-10 16:14:14:0310] |         XmlParse.cpp-L2256: SetNodeValue [LineMode], [Failed to write enumeration value. Enum entry is not writable : AccessException thrown in node 'LineMode' while calling 'LineMode.SetIntValue()' (file 'Enumeration.cpp', line 149)]
[2018-10-10 16:14:14:0313] |         XmlParse.cpp-L2256: SetNodeValue [ExposureAuto], [Node is not writable. : AccessException thrown in node 'ExposureAuto' while calling 'ExposureAuto.SetIntValue()' (file 'EnumerationT.h', line 83)]
[2018-10-10 16:14:14:0318] |         XmlParse.cpp-L2398: SetNodeValue [ExposureTime], [Value 0.000000 must be greater than or equal 17.000000. : OutOfRangeException thrown in node 'ExposureTime' while calling 'ExposureTime.SetValue()' (file 'FloatT.h', line 85)]
[2018-10-10 16:14:55:0891] |         XmlParse.cpp-L2256: SetNodeValue [ExposureAuto], [Node is not writable. : AccessException thrown in node 'ExposureAuto' while calling 'ExposureAuto.SetIntValue()' (file 'EnumerationT.h', line 83)]
[2018-10-10 16:14:55:0894] |         XmlParse.cpp-L2398: SetNodeValue [ExposureTime], [Value 0.000000 must be greater than or equal 17.000000. : OutOfRangeException thrown in node 'ExposureTime' while calling 'ExposureTime.SetValue()' (file 'FloatT.h', line 85)]
[2018-10-10 16:15:03:0956] |         XmlParse.cpp-L2256: SetNodeValue [ExposureAuto], [Node is not writable. : AccessException thrown in node 'ExposureAuto' while calling 'ExposureAuto.SetIntValue()' (file 'EnumerationT.h', line 83)]
[2018-10-10 16:15:03:0959] |         XmlParse.cpp-L2398: SetNodeValue [ExposureTime], [Value 0.000000 must be greater than or equal 17.000000. : OutOfRangeException thrown in node 'ExposureTime' while calling 'ExposureTime.SetValue()' (file 'FloatT.h', line 85)]
[2018-10-10 16:15:04:0714] |         XmlParse.cpp-L2256: SetNodeValue [ExposureAuto], [Node is not writable. : AccessException thrown in node 'ExposureAuto' while calling 'ExposureAuto.SetIntValue()' (file 'EnumerationT.h', line 83)]
[2018-10-10 16:16:24:0849] |         XmlParse.cpp-L2256: SetNodeValue [ExposureAuto], [Node is not writable. : AccessException thrown in node 'ExposureAuto' while calling 'ExposureAuto.SetIntValue()' (file 'EnumerationT.h', line 83)]
[2018-11-02 13:16:59:0148] | CInterfaceManager.cpp-L4481: CamCtrl[2020004], GigE SDKVersion(1040004), DriverVersion(1040004)
[2018-11-02 13:16:59:0512] | CInterfaceManager.cpp-L1065: remalloc RecvBuf succeed, [26216448]
[2018-11-02 13:16:59:0540] | CInterfaceManager.cpp-L4168: Camctrl RecvThread Start, ThreadId[13892]
[2018-11-02 13:16:59:0540] | CInterfaceManager.cpp-L3998: Camctrl DisplayThread Start, ThreadId[16672]
[2018-11-02 13:16:59:0549] |         XmlParse.cpp-L2256: SetNodeValue [ExposureAuto], [Node is not writable. : AccessException thrown in node 'ExposureAuto' while calling 'ExposureAuto.SetIntValue()' (file 'EnumerationT.h', line 83)]
[2018-11-02 13:17:59:0130] |         XmlParse.cpp-L2256: SetNodeValue [ExposureAuto], [Node is not writable. : AccessException thrown in node 'ExposureAuto' while calling 'ExposureAuto.SetIntValue()' (file 'EnumerationT.h', line 83)]
[2018-11-02 13:17:59:0144] |         XmlParse.cpp-L2256: SetNodeValue [ExposureAuto], [Node is not writable. : AccessException thrown in node 'ExposureAuto' while calling 'ExposureAuto.SetIntValue()' (file 'EnumerationT.h', line 83)]
[2018-11-02 13:18:10:0571] |         XmlParse.cpp-L2256: SetNodeValue [ExposureAuto], [Node is not writable. : AccessException thrown in node 'ExposureAuto' while calling 'ExposureAuto.SetIntValue()' (file 'EnumerationT.h', line 83)]
[2018-11-02 13:18:58:0688] | CInterfaceManager.cpp-L4481: CamCtrl[2020004], GigE SDKVersion(1040004), DriverVersion(1040004)
[2018-11-02 13:19:36:0427] | CInterfaceManager.cpp-L4481: CamCtrl[2020004], GigE SDKVersion(1040004), DriverVersion(1040004)
[2018-11-02 13:19:36:0803] | CInterfaceManager.cpp-L1065: remalloc RecvBuf succeed, [26216448]
[2018-11-02 13:19:36:0831] | CInterfaceManager.cpp-L4168: Camctrl RecvThread Start, ThreadId[15932]
[2018-11-02 13:19:36:0831] | CInterfaceManager.cpp-L3998: Camctrl DisplayThread Start, ThreadId[13476]
[2018-11-02 13:25:48:0066] |         XmlParse.cpp-L2256: SetNodeValue [ExposureAuto], [Node is not writable. : AccessException thrown in node 'ExposureAuto' while calling 'ExposureAuto.SetIntValue()' (file 'EnumerationT.h', line 83)]
[2018-11-02 13:25:48:0085] |         XmlParse.cpp-L2256: SetNodeValue [ExposureAuto], [Node is not writable. : AccessException thrown in node 'ExposureAuto' while calling 'ExposureAuto.SetIntValue()' (file 'EnumerationT.h', line 83)]
[2018-11-02 13:28:54:0548] |         XmlParse.cpp-L2256: SetNodeValue [ExposureAuto], [Node is not writable. : AccessException thrown in node 'ExposureAuto' while calling 'ExposureAuto.SetIntValue()' (file 'EnumerationT.h', line 83)]
[2018-11-02 13:28:55:0234] |         XmlParse.cpp-L2256: SetNodeValue [ExposureAuto], [Node is not writable. : AccessException thrown in node 'ExposureAuto' while calling 'ExposureAuto.SetIntValue()' (file 'EnumerationT.h', line 83)]
[2018-11-02 13:28:56:0009] |         XmlParse.cpp-L2256: SetNodeValue [ExposureAuto], [Node is not writable. : AccessException thrown in node 'ExposureAuto' while calling 'ExposureAuto.SetIntValue()' (file 'EnumerationT.h', line 83)]
[2018-11-02 13:28:56:0696] |         XmlParse.cpp-L2256: SetNodeValue [ExposureAuto], [Node is not writable. : AccessException thrown in node 'ExposureAuto' while calling 'ExposureAuto.SetIntValue()' (file 'EnumerationT.h', line 83)]
[2018-11-02 13:28:57:0431] |         XmlParse.cpp-L2256: SetNodeValue [ExposureAuto], [Node is not writable. : AccessException thrown in node 'ExposureAuto' while calling 'ExposureAuto.SetIntValue()' (file 'EnumerationT.h', line 83)]
[2018-11-02 13:28:58:0129] |         XmlParse.cpp-L2256: SetNodeValue [ExposureAuto], [Node is not writable. : AccessException thrown in node 'ExposureAuto' while calling 'ExposureAuto.SetIntValue()' (file 'EnumerationT.h', line 83)]
[2018-11-02 13:28:58:0883] |         XmlParse.cpp-L2256: SetNodeValue [ExposureAuto], [Node is not writable. : AccessException thrown in node 'ExposureAuto' while calling 'ExposureAuto.SetIntValue()' (file 'EnumerationT.h', line 83)]
[2018-11-02 13:28:59:0549] |         XmlParse.cpp-L2256: SetNodeValue [ExposureAuto], [Node is not writable. : AccessException thrown in node 'ExposureAuto' while calling 'ExposureAuto.SetIntValue()' (file 'EnumerationT.h', line 83)]
[2018-11-02 13:29:00:0299] |         XmlParse.cpp-L2256: SetNodeValue [ExposureAuto], [Node is not writable. : AccessException thrown in node 'ExposureAuto' while calling 'ExposureAuto.SetIntValue()' (file 'EnumerationT.h', line 83)]
[2018-11-02 13:29:00:0964] |         XmlParse.cpp-L2256: SetNodeValue [ExposureAuto], [Node is not writable. : AccessException thrown in node 'ExposureAuto' while calling 'ExposureAuto.SetIntValue()' (file 'EnumerationT.h', line 83)]
[2018-11-02 13:35:01:0852] |         XmlParse.cpp-L2256: SetNodeValue [ExposureAuto], [Node is not writable. : AccessException thrown in node 'ExposureAuto' while calling 'ExposureAuto.SetIntValue()' (file 'EnumerationT.h', line 83)]
[2018-11-02 13:36:36:0985] | CInterfaceManager.cpp-L4481: CamCtrl[2020004], GigE SDKVersion(1040004), DriverVersion(1040004)
[2018-11-02 13:36:37:0353] | CInterfaceManager.cpp-L1065: remalloc RecvBuf succeed, [26216448]
[2018-11-02 13:36:37:0382] | CInterfaceManager.cpp-L4168: Camctrl RecvThread Start, ThreadId[14944]
[2018-11-02 13:36:37:0382] | CInterfaceManager.cpp-L3998: Camctrl DisplayThread Start, ThreadId[15268]
[2018-11-02 13:36:37:0391] |         XmlParse.cpp-L2256: SetNodeValue [ExposureAuto], [Node is not writable. : AccessException thrown in node 'ExposureAuto' while calling 'ExposureAuto.SetIntValue()' (file 'EnumerationT.h', line 83)]
[2018-11-02 13:42:25:0398] |         XmlParse.cpp-L2256: SetNodeValue [ExposureAuto], [Node is not writable. : AccessException thrown in node 'ExposureAuto' while calling 'ExposureAuto.SetIntValue()' (file 'EnumerationT.h', line 83)]
[2018-11-02 13:42:25:0411] |         XmlParse.cpp-L2256: SetNodeValue [ExposureAuto], [Node is not writable. : AccessException thrown in node 'ExposureAuto' while calling 'ExposureAuto.SetIntValue()' (file 'EnumerationT.h', line 83)]
[2018-11-02 13:42:38:0153] |         XmlParse.cpp-L2256: SetNodeValue [ExposureAuto], [Node is not writable. : AccessException thrown in node 'ExposureAuto' while calling 'ExposureAuto.SetIntValue()' (file 'EnumerationT.h', line 83)]
[2018-11-02 13:43:54:0136] | CInterfaceManager.cpp-L4481: CamCtrl[2020004], GigE SDKVersion(1040004), DriverVersion(1040004)
[2018-11-02 13:43:54:0503] | CInterfaceManager.cpp-L1065: remalloc RecvBuf succeed, [26216448]
[2018-11-02 13:43:54:0531] | CInterfaceManager.cpp-L4168: Camctrl RecvThread Start, ThreadId[17708]
[2018-11-02 13:43:54:0531] | CInterfaceManager.cpp-L3998: Camctrl DisplayThread Start, ThreadId[17532]
[2018-11-02 13:43:54:0540] |         XmlParse.cpp-L2256: SetNodeValue [ExposureAuto], [Node is not writable. : AccessException thrown in node 'ExposureAuto' while calling 'ExposureAuto.SetIntValue()' (file 'EnumerationT.h', line 83)]
[2018-11-02 13:44:40:0118] |         XmlParse.cpp-L2256: SetNodeValue [ExposureAuto], [Node is not writable. : AccessException thrown in node 'ExposureAuto' while calling 'ExposureAuto.SetIntValue()' (file 'EnumerationT.h', line 83)]
[2018-11-02 13:46:42:0945] | CInterfaceManager.cpp-L4481: CamCtrl[2020004], GigE SDKVersion(1040004), DriverVersion(1040004)
[2018-11-02 13:46:43:0310] | CInterfaceManager.cpp-L1065: remalloc RecvBuf succeed, [26216448]
[2018-11-02 13:46:43:0339] | CInterfaceManager.cpp-L4168: Camctrl RecvThread Start, ThreadId[18592]
[2018-11-02 13:46:43:0339] | CInterfaceManager.cpp-L3998: Camctrl DisplayThread Start, ThreadId[18596]
[2018-11-02 13:46:43:0347] |         XmlParse.cpp-L2256: SetNodeValue [ExposureAuto], [Node is not writable. : AccessException thrown in node 'ExposureAuto' while calling 'ExposureAuto.SetIntValue()' (file 'EnumerationT.h', line 83)]
[2018-11-02 13:47:40:0528] |         XmlParse.cpp-L2256: SetNodeValue [ExposureAuto], [Node is not writable. : AccessException thrown in node 'ExposureAuto' while calling 'ExposureAuto.SetIntValue()' (file 'EnumerationT.h', line 83)]
[2018-11-02 13:50:17:0824] | CInterfaceManager.cpp-L4481: CamCtrl[2020004], GigE SDKVersion(1040004), DriverVersion(1040004)
[2018-11-02 13:50:18:0197] | CInterfaceManager.cpp-L1065: remalloc RecvBuf succeed, [26216448]
[2018-11-02 13:50:18:0226] | CInterfaceManager.cpp-L4168: Camctrl RecvThread Start, ThreadId[17828]
[2018-11-02 13:50:18:0226] | CInterfaceManager.cpp-L3998: Camctrl DisplayThread Start, ThreadId[18272]
[2018-11-02 13:50:18:0235] |         XmlParse.cpp-L2256: SetNodeValue [ExposureAuto], [Node is not writable. : AccessException thrown in node 'ExposureAuto' while calling 'ExposureAuto.SetIntValue()' (file 'EnumerationT.h', line 83)]
[2018-11-02 13:51:01:0699] |         XmlParse.cpp-L2256: SetNodeValue [ExposureAuto], [Node is not writable. : AccessException thrown in node 'ExposureAuto' while calling 'ExposureAuto.SetIntValue()' (file 'EnumerationT.h', line 83)]
[2018-11-02 13:51:02:0340] |         XmlParse.cpp-L2256: SetNodeValue [ExposureAuto], [Node is not writable. : AccessException thrown in node 'ExposureAuto' while calling 'ExposureAuto.SetIntValue()' (file 'EnumerationT.h', line 83)]
[2018-11-02 13:52:37:0944] | CInterfaceManager.cpp-L4481: CamCtrl[2020004], GigE SDKVersion(1040004), DriverVersion(1040004)
[2018-11-02 13:53:10:0522] | CInterfaceManager.cpp-L4481: CamCtrl[2020004], GigE SDKVersion(1040004), DriverVersion(1040004)
[2018-11-02 13:53:10:0889] | CInterfaceManager.cpp-L1065: remalloc RecvBuf succeed, [26216448]
[2018-11-02 13:53:10:0919] | CInterfaceManager.cpp-L4168: Camctrl RecvThread Start, ThreadId[16916]
[2018-11-02 13:53:10:0919] | CInterfaceManager.cpp-L3998: Camctrl DisplayThread Start, ThreadId[19440]
[2018-11-02 13:53:41:0834] | CInterfaceManager.cpp-L1204: getfcnt [0], getfcntsucceed[0], totalRecv[0] 
[2018-11-02 13:53:41:0920] | CInterfaceManager.cpp-L4156: DisplayProcess exit
[2018-11-02 13:53:41:0924] | CInterfaceManager.cpp-L4308: RecvThreadProcess exit
[2018-11-02 13:54:22:0571] | CInterfaceManager.cpp-L4481: CamCtrl[2020004], GigE SDKVersion(1040004), DriverVersion(1040004)
[2018-11-02 13:54:22:0938] | CInterfaceManager.cpp-L1065: remalloc RecvBuf succeed, [26216448]
[2018-11-02 13:54:22:0967] | CInterfaceManager.cpp-L4168: Camctrl RecvThread Start, ThreadId[17528]
[2018-11-02 13:54:22:0967] | CInterfaceManager.cpp-L3998: Camctrl DisplayThread Start, ThreadId[18612]
[2018-11-02 13:54:22:0976] |         XmlParse.cpp-L2256: SetNodeValue [ExposureAuto], [Node is not writable. : AccessException thrown in node 'ExposureAuto' while calling 'ExposureAuto.SetIntValue()' (file 'EnumerationT.h', line 83)]
[2018-11-02 13:56:01:0987] |         XmlParse.cpp-L2256: SetNodeValue [ExposureAuto], [Node is not writable. : AccessException thrown in node 'ExposureAuto' while calling 'ExposureAuto.SetIntValue()' (file 'EnumerationT.h', line 83)]
[2018-11-02 13:56:25:0176] |         XmlParse.cpp-L2256: SetNodeValue [ExposureAuto], [Node is not writable. : AccessException thrown in node 'ExposureAuto' while calling 'ExposureAuto.SetIntValue()' (file 'EnumerationT.h', line 83)]
[2018-11-02 13:56:35:0108] |         XmlParse.cpp-L2256: SetNodeValue [ExposureAuto], [Node is not writable. : AccessException thrown in node 'ExposureAuto' while calling 'ExposureAuto.SetIntValue()' (file 'EnumerationT.h', line 83)]
[2018-11-02 13:56:37:0156] |         XmlParse.cpp-L2256: SetNodeValue [ExposureAuto], [Node is not writable. : AccessException thrown in node 'ExposureAuto' while calling 'ExposureAuto.SetIntValue()' (file 'EnumerationT.h', line 83)]
[2018-11-02 13:56:37:0168] |         XmlParse.cpp-L2256: SetNodeValue [ExposureAuto], [Node is not writable. : AccessException thrown in node 'ExposureAuto' while calling 'ExposureAuto.SetIntValue()' (file 'EnumerationT.h', line 83)]
[2018-11-02 13:56:40:0316] |         XmlParse.cpp-L2256: SetNodeValue [ExposureAuto], [Node is not writable. : AccessException thrown in node 'ExposureAuto' while calling 'ExposureAuto.SetIntValue()' (file 'EnumerationT.h', line 83)]
[2018-11-02 13:57:15:0587] |         XmlParse.cpp-L2256: SetNodeValue [ExposureAuto], [Node is not writable. : AccessException thrown in node 'ExposureAuto' while calling 'ExposureAuto.SetIntValue()' (file 'EnumerationT.h', line 83)]
[2018-11-02 13:57:16:0343] |         XmlParse.cpp-L2256: SetNodeValue [ExposureAuto], [Node is not writable. : AccessException thrown in node 'ExposureAuto' while calling 'ExposureAuto.SetIntValue()' (file 'EnumerationT.h', line 83)]
[2018-11-02 13:57:17:0082] |         XmlParse.cpp-L2256: SetNodeValue [ExposureAuto], [Node is not writable. : AccessException thrown in node 'ExposureAuto' while calling 'ExposureAuto.SetIntValue()' (file 'EnumerationT.h', line 83)]
[2018-11-02 13:57:17:0822] |         XmlParse.cpp-L2256: SetNodeValue [ExposureAuto], [Node is not writable. : AccessException thrown in node 'ExposureAuto' while calling 'ExposureAuto.SetIntValue()' (file 'EnumerationT.h', line 83)]
[2018-11-02 13:57:18:0618] |         XmlParse.cpp-L2256: SetNodeValue [ExposureAuto], [Node is not writable. : AccessException thrown in node 'ExposureAuto' while calling 'ExposureAuto.SetIntValue()' (file 'EnumerationT.h', line 83)]
[2018-11-02 13:57:26:0396] |         XmlParse.cpp-L2256: SetNodeValue [ExposureAuto], [Node is not writable. : AccessException thrown in node 'ExposureAuto' while calling 'ExposureAuto.SetIntValue()' (file 'EnumerationT.h', line 83)]
[2018-11-02 13:57:46:0852] |         XmlParse.cpp-L2256: SetNodeValue [ExposureAuto], [Node is not writable. : AccessException thrown in node 'ExposureAuto' while calling 'ExposureAuto.SetIntValue()' (file 'EnumerationT.h', line 83)]
[2018-11-02 13:58:44:0490] |         XmlParse.cpp-L2256: SetNodeValue [ExposureAuto], [Node is not writable. : AccessException thrown in node 'ExposureAuto' while calling 'ExposureAuto.SetIntValue()' (file 'EnumerationT.h', line 83)]
[2018-11-02 13:58:45:0229] |         XmlParse.cpp-L2256: SetNodeValue [ExposureAuto], [Node is not writable. : AccessException thrown in node 'ExposureAuto' while calling 'ExposureAuto.SetIntValue()' (file 'EnumerationT.h', line 83)]
[2018-11-02 13:58:46:0032] |         XmlParse.cpp-L2256: SetNodeValue [ExposureAuto], [Node is not writable. : AccessException thrown in node 'ExposureAuto' while calling 'ExposureAuto.SetIntValue()' (file 'EnumerationT.h', line 83)]
[2018-11-02 13:58:46:0772] |         XmlParse.cpp-L2256: SetNodeValue [ExposureAuto], [Node is not writable. : AccessException thrown in node 'ExposureAuto' while calling 'ExposureAuto.SetIntValue()' (file 'EnumerationT.h', line 83)]
[2018-11-02 13:58:47:0581] |         XmlParse.cpp-L2256: SetNodeValue [ExposureAuto], [Node is not writable. : AccessException thrown in node 'ExposureAuto' while calling 'ExposureAuto.SetIntValue()' (file 'EnumerationT.h', line 83)]
[2018-11-02 13:58:48:0355] |         XmlParse.cpp-L2256: SetNodeValue [ExposureAuto], [Node is not writable. : AccessException thrown in node 'ExposureAuto' while calling 'ExposureAuto.SetIntValue()' (file 'EnumerationT.h', line 83)]
[2018-11-02 13:58:49:0174] |         XmlParse.cpp-L2256: SetNodeValue [ExposureAuto], [Node is not writable. : AccessException thrown in node 'ExposureAuto' while calling 'ExposureAuto.SetIntValue()' (file 'EnumerationT.h', line 83)]
[2018-11-02 14:04:49:0442] |         XmlParse.cpp-L2256: SetNodeValue [ExposureAuto], [Node is not writable. : AccessException thrown in node 'ExposureAuto' while calling 'ExposureAuto.SetIntValue()' (file 'EnumerationT.h', line 83)]
[2018-11-02 14:04:50:0197] |         XmlParse.cpp-L2256: SetNodeValue [ExposureAuto], [Node is not writable. : AccessException thrown in node 'ExposureAuto' while calling 'ExposureAuto.SetIntValue()' (file 'EnumerationT.h', line 83)]
[2018-11-02 14:05:04:0296] |         XmlParse.cpp-L2256: SetNodeValue [ExposureAuto], [Node is not writable. : AccessException thrown in node 'ExposureAuto' while calling 'ExposureAuto.SetIntValue()' (file 'EnumerationT.h', line 83)]
[2018-11-02 14:05:11:0150] |         XmlParse.cpp-L2256: SetNodeValue [ExposureAuto], [Node is not writable. : AccessException thrown in node 'ExposureAuto' while calling 'ExposureAuto.SetIntValue()' (file 'EnumerationT.h', line 83)]
[2018-11-02 14:07:21:0578] | CInterfaceManager.cpp-L4481: CamCtrl[2020004], GigE SDKVersion(1040004), DriverVersion(1040004)
[2018-11-02 14:07:21:0945] | CInterfaceManager.cpp-L1065: remalloc RecvBuf succeed, [26216448]
[2018-11-02 14:07:21:0974] | CInterfaceManager.cpp-L4168: Camctrl RecvThread Start, ThreadId[16784]
[2018-11-02 14:07:21:0974] | CInterfaceManager.cpp-L3998: Camctrl DisplayThread Start, ThreadId[20376]
[2018-11-02 14:07:21:0983] |         XmlParse.cpp-L2256: SetNodeValue [ExposureAuto], [Node is not writable. : AccessException thrown in node 'ExposureAuto' while calling 'ExposureAuto.SetIntValue()' (file 'EnumerationT.h', line 83)]
[2018-11-02 14:09:09:0175] |         XmlParse.cpp-L2256: SetNodeValue [ExposureAuto], [Node is not writable. : AccessException thrown in node 'ExposureAuto' while calling 'ExposureAuto.SetIntValue()' (file 'EnumerationT.h', line 83)]
[2018-11-02 14:09:10:0146] |         XmlParse.cpp-L2256: SetNodeValue [ExposureAuto], [Node is not writable. : AccessException thrown in node 'ExposureAuto' while calling 'ExposureAuto.SetIntValue()' (file 'EnumerationT.h', line 83)]
[2018-11-02 14:09:10:0940] |         XmlParse.cpp-L2256: SetNodeValue [ExposureAuto], [Node is not writable. : AccessException thrown in node 'ExposureAuto' while calling 'ExposureAuto.SetIntValue()' (file 'EnumerationT.h', line 83)]
[2018-11-02 14:09:11:0691] |         XmlParse.cpp-L2256: SetNodeValue [ExposureAuto], [Node is not writable. : AccessException thrown in node 'ExposureAuto' while calling 'ExposureAuto.SetIntValue()' (file 'EnumerationT.h', line 83)]
[2018-11-02 14:09:12:0474] |         XmlParse.cpp-L2256: SetNodeValue [ExposureAuto], [Node is not writable. : AccessException thrown in node 'ExposureAuto' while calling 'ExposureAuto.SetIntValue()' (file 'EnumerationT.h', line 83)]
[2018-11-02 14:09:13:0309] |         XmlParse.cpp-L2256: SetNodeValue [ExposureAuto], [Node is not writable. : AccessException thrown in node 'ExposureAuto' while calling 'ExposureAuto.SetIntValue()' (file 'EnumerationT.h', line 83)]
[2018-11-02 14:10:04:0119] | CInterfaceManager.cpp-L4481: CamCtrl[2020004], GigE SDKVersion(1040004), DriverVersion(1040004)
[2018-11-02 14:12:51:0955] | CInterfaceManager.cpp-L4481: CamCtrl[2020004], GigE SDKVersion(1040004), DriverVersion(1040004)
[2018-11-02 14:12:52:0340] | CInterfaceManager.cpp-L1065: remalloc RecvBuf succeed, [26216448]
[2018-11-02 14:12:52:0382] | CInterfaceManager.cpp-L4168: Camctrl RecvThread Start, ThreadId[17092]
[2018-11-02 14:12:52:0382] | CInterfaceManager.cpp-L3998: Camctrl DisplayThread Start, ThreadId[20176]
[2018-11-02 14:12:52:0392] |         XmlParse.cpp-L2256: SetNodeValue [ExposureAuto], [Node is not writable. : AccessException thrown in node 'ExposureAuto' while calling 'ExposureAuto.SetIntValue()' (file 'EnumerationT.h', line 83)]
[2018-11-02 14:16:20:0526] |         XmlParse.cpp-L2256: SetNodeValue [ExposureAuto], [Node is not writable. : AccessException thrown in node 'ExposureAuto' while calling 'ExposureAuto.SetIntValue()' (file 'EnumerationT.h', line 83)]
[2018-11-02 14:18:44:0092] |         XmlParse.cpp-L2256: SetNodeValue [ExposureAuto], [Node is not writable. : AccessException thrown in node 'ExposureAuto' while calling 'ExposureAuto.SetIntValue()' (file 'EnumerationT.h', line 83)]
[2018-11-02 14:21:00:0282] | CInterfaceManager.cpp-L4481: CamCtrl[2020004], GigE SDKVersion(1040004), DriverVersion(1040004)
[2018-11-02 14:21:00:0652] | CInterfaceManager.cpp-L1065: remalloc RecvBuf succeed, [26216448]
[2018-11-02 14:21:00:0681] | CInterfaceManager.cpp-L4168: Camctrl RecvThread Start, ThreadId[684]
[2018-11-02 14:21:00:0681] | CInterfaceManager.cpp-L3998: Camctrl DisplayThread Start, ThreadId[5796]
[2018-11-02 14:21:00:0690] |         XmlParse.cpp-L2256: SetNodeValue [ExposureAuto], [Node is not writable. : AccessException thrown in node 'ExposureAuto' while calling 'ExposureAuto.SetIntValue()' (file 'EnumerationT.h', line 83)]
[2018-11-02 14:21:46:0432] |         XmlParse.cpp-L2256: SetNodeValue [ExposureAuto], [Node is not writable. : AccessException thrown in node 'ExposureAuto' while calling 'ExposureAuto.SetIntValue()' (file 'EnumerationT.h', line 83)]
[2018-11-02 14:23:40:0262] | CInterfaceManager.cpp-L4481: CamCtrl[2020004], GigE SDKVersion(1040004), DriverVersion(1040004)
[2018-11-02 14:23:40:0629] | CInterfaceManager.cpp-L1065: remalloc RecvBuf succeed, [26216448]
[2018-11-02 14:23:40:0657] | CInterfaceManager.cpp-L4168: Camctrl RecvThread Start, ThreadId[13136]
[2018-11-02 14:23:40:0657] | CInterfaceManager.cpp-L3998: Camctrl DisplayThread Start, ThreadId[4780]
[2018-11-02 14:23:40:0666] |         XmlParse.cpp-L2256: SetNodeValue [ExposureAuto], [Node is not writable. : AccessException thrown in node 'ExposureAuto' while calling 'ExposureAuto.SetIntValue()' (file 'EnumerationT.h', line 83)]
[2018-11-02 14:24:44:0129] |         XmlParse.cpp-L2256: SetNodeValue [ExposureAuto], [Node is not writable. : AccessException thrown in node 'ExposureAuto' while calling 'ExposureAuto.SetIntValue()' (file 'EnumerationT.h', line 83)]
[2018-11-02 14:24:44:0884] |         XmlParse.cpp-L2256: SetNodeValue [ExposureAuto], [Node is not writable. : AccessException thrown in node 'ExposureAuto' while calling 'ExposureAuto.SetIntValue()' (file 'EnumerationT.h', line 83)]
[2018-11-02 14:24:45:0672] |         XmlParse.cpp-L2256: SetNodeValue [ExposureAuto], [Node is not writable. : AccessException thrown in node 'ExposureAuto' while calling 'ExposureAuto.SetIntValue()' (file 'EnumerationT.h', line 83)]
[2018-11-02 14:24:46:0413] |         XmlParse.cpp-L2256: SetNodeValue [ExposureAuto], [Node is not writable. : AccessException thrown in node 'ExposureAuto' while calling 'ExposureAuto.SetIntValue()' (file 'EnumerationT.h', line 83)]
[2018-11-02 14:24:47:0184] |         XmlParse.cpp-L2256: SetNodeValue [ExposureAuto], [Node is not writable. : AccessException thrown in node 'ExposureAuto' while calling 'ExposureAuto.SetIntValue()' (file 'EnumerationT.h', line 83)]
[2018-11-02 14:24:48:0024] |         XmlParse.cpp-L2256: SetNodeValue [ExposureAuto], [Node is not writable. : AccessException thrown in node 'ExposureAuto' while calling 'ExposureAuto.SetIntValue()' (file 'EnumerationT.h', line 83)]
[2018-11-02 14:24:48:0830] |         XmlParse.cpp-L2256: SetNodeValue [ExposureAuto], [Node is not writable. : AccessException thrown in node 'ExposureAuto' while calling 'ExposureAuto.SetIntValue()' (file 'EnumerationT.h', line 83)]
[2018-11-02 14:26:21:0915] | CInterfaceManager.cpp-L1204: getfcnt [0], getfcntsucceed[0], totalRecv[0] 
[2018-11-02 14:26:21:0966] | CInterfaceManager.cpp-L4156: DisplayProcess exit
[2018-11-02 14:26:22:0005] | CInterfaceManager.cpp-L4308: RecvThreadProcess exit
[2018-11-02 14:37:56:0590] | CInterfaceManager.cpp-L4481: CamCtrl[2020004], GigE SDKVersion(1040004), DriverVersion(1040004)
[2018-11-02 14:37:56:0958] | CInterfaceManager.cpp-L1065: remalloc RecvBuf succeed, [26216448]
[2018-11-02 14:37:56:0986] | CInterfaceManager.cpp-L4168: Camctrl RecvThread Start, ThreadId[13660]
[2018-11-02 14:37:56:0986] | CInterfaceManager.cpp-L3998: Camctrl DisplayThread Start, ThreadId[7676]
[2018-11-02 14:37:56:0994] |         XmlParse.cpp-L2256: SetNodeValue [ExposureAuto], [Node is not writable. : AccessException thrown in node 'ExposureAuto' while calling 'ExposureAuto.SetIntValue()' (file 'EnumerationT.h', line 83)]
[2018-11-02 14:39:02:0919] |         XmlParse.cpp-L2256: SetNodeValue [ExposureAuto], [Node is not writable. : AccessException thrown in node 'ExposureAuto' while calling 'ExposureAuto.SetIntValue()' (file 'EnumerationT.h', line 83)]
[2018-11-02 14:39:03:0405] |         XmlParse.cpp-L2256: SetNodeValue [ExposureAuto], [Node is not writable. : AccessException thrown in node 'ExposureAuto' while calling 'ExposureAuto.SetIntValue()' (file 'EnumerationT.h', line 83)]
[2018-11-02 14:39:03:0985] |         XmlParse.cpp-L2256: SetNodeValue [ExposureAuto], [Node is not writable. : AccessException thrown in node 'ExposureAuto' while calling 'ExposureAuto.SetIntValue()' (file 'EnumerationT.h', line 83)]
[2018-11-02 14:39:04:0427] |         XmlParse.cpp-L2256: SetNodeValue [ExposureAuto], [Node is not writable. : AccessException thrown in node 'ExposureAuto' while calling 'ExposureAuto.SetIntValue()' (file 'EnumerationT.h', line 83)]
[2018-11-02 14:39:04:0934] |         XmlParse.cpp-L2256: SetNodeValue [ExposureAuto], [Node is not writable. : AccessException thrown in node 'ExposureAuto' while calling 'ExposureAuto.SetIntValue()' (file 'EnumerationT.h', line 83)]
[2018-11-02 14:39:05:0372] |         XmlParse.cpp-L2256: SetNodeValue [ExposureAuto], [Node is not writable. : AccessException thrown in node 'ExposureAuto' while calling 'ExposureAuto.SetIntValue()' (file 'EnumerationT.h', line 83)]
[2018-11-02 14:39:05:0863] |         XmlParse.cpp-L2256: SetNodeValue [ExposureAuto], [Node is not writable. : AccessException thrown in node 'ExposureAuto' while calling 'ExposureAuto.SetIntValue()' (file 'EnumerationT.h', line 83)]
[2018-11-02 14:39:06:0271] |         XmlParse.cpp-L2256: SetNodeValue [ExposureAuto], [Node is not writable. : AccessException thrown in node 'ExposureAuto' while calling 'ExposureAuto.SetIntValue()' (file 'EnumerationT.h', line 83)]
[2018-11-02 14:39:06:0845] |         XmlParse.cpp-L2256: SetNodeValue [ExposureAuto], [Node is not writable. : AccessException thrown in node 'ExposureAuto' while calling 'ExposureAuto.SetIntValue()' (file 'EnumerationT.h', line 83)]
[2018-11-02 14:39:07:0257] |         XmlParse.cpp-L2256: SetNodeValue [ExposureAuto], [Node is not writable. : AccessException thrown in node 'ExposureAuto' while calling 'ExposureAuto.SetIntValue()' (file 'EnumerationT.h', line 83)]
[2018-11-02 14:40:17:0842] |         XmlParse.cpp-L2256: SetNodeValue [ExposureAuto], [Node is not writable. : AccessException thrown in node 'ExposureAuto' while calling 'ExposureAuto.SetIntValue()' (file 'EnumerationT.h', line 83)]
[2018-11-02 14:40:17:0855] |         XmlParse.cpp-L2256: SetNodeValue [ExposureAuto], [Node is not writable. : AccessException thrown in node 'ExposureAuto' while calling 'ExposureAuto.SetIntValue()' (file 'EnumerationT.h', line 83)]
[2018-11-02 14:40:29:0357] |         XmlParse.cpp-L2256: SetNodeValue [ExposureAuto], [Node is not writable. : AccessException thrown in node 'ExposureAuto' while calling 'ExposureAuto.SetIntValue()' (file 'EnumerationT.h', line 83)]
[2018-11-02 14:40:29:0781] |         XmlParse.cpp-L2256: SetNodeValue [ExposureAuto], [Node is not writable. : AccessException thrown in node 'ExposureAuto' while calling 'ExposureAuto.SetIntValue()' (file 'EnumerationT.h', line 83)]
[2018-11-02 14:40:30:0249] |         XmlParse.cpp-L2256: SetNodeValue [ExposureAuto], [Node is not writable. : AccessException thrown in node 'ExposureAuto' while calling 'ExposureAuto.SetIntValue()' (file 'EnumerationT.h', line 83)]
[2018-11-02 14:40:30:0673] |         XmlParse.cpp-L2256: SetNodeValue [ExposureAuto], [Node is not writable. : AccessException thrown in node 'ExposureAuto' while calling 'ExposureAuto.SetIntValue()' (file 'EnumerationT.h', line 83)]
[2018-11-02 14:40:31:0155] |         XmlParse.cpp-L2256: SetNodeValue [ExposureAuto], [Node is not writable. : AccessException thrown in node 'ExposureAuto' while calling 'ExposureAuto.SetIntValue()' (file 'EnumerationT.h', line 83)]
[2018-11-02 14:40:31:0615] |         XmlParse.cpp-L2256: SetNodeValue [ExposureAuto], [Node is not writable. : AccessException thrown in node 'ExposureAuto' while calling 'ExposureAuto.SetIntValue()' (file 'EnumerationT.h', line 83)]
[2018-11-02 14:40:32:0118] |         XmlParse.cpp-L2256: SetNodeValue [ExposureAuto], [Node is not writable. : AccessException thrown in node 'ExposureAuto' while calling 'ExposureAuto.SetIntValue()' (file 'EnumerationT.h', line 83)]
[2018-11-02 14:40:32:0517] |         XmlParse.cpp-L2256: SetNodeValue [ExposureAuto], [Node is not writable. : AccessException thrown in node 'ExposureAuto' while calling 'ExposureAuto.SetIntValue()' (file 'EnumerationT.h', line 83)]
[2018-11-02 14:40:33:0009] |         XmlParse.cpp-L2256: SetNodeValue [ExposureAuto], [Node is not writable. : AccessException thrown in node 'ExposureAuto' while calling 'ExposureAuto.SetIntValue()' (file 'EnumerationT.h', line 83)]
[2018-11-02 14:40:33:0417] |         XmlParse.cpp-L2256: SetNodeValue [ExposureAuto], [Node is not writable. : AccessException thrown in node 'ExposureAuto' while calling 'ExposureAuto.SetIntValue()' (file 'EnumerationT.h', line 83)]
[2018-11-02 14:41:34:0644] |         XmlParse.cpp-L2256: SetNodeValue [ExposureAuto], [Node is not writable. : AccessException thrown in node 'ExposureAuto' while calling 'ExposureAuto.SetIntValue()' (file 'EnumerationT.h', line 83)]
[2018-11-02 14:41:35:0110] |         XmlParse.cpp-L2256: SetNodeValue [ExposureAuto], [Node is not writable. : AccessException thrown in node 'ExposureAuto' while calling 'ExposureAuto.SetIntValue()' (file 'EnumerationT.h', line 83)]
[2018-11-02 14:41:35:0605] |         XmlParse.cpp-L2256: SetNodeValue [ExposureAuto], [Node is not writable. : AccessException thrown in node 'ExposureAuto' while calling 'ExposureAuto.SetIntValue()' (file 'EnumerationT.h', line 83)]
[2018-11-02 14:41:36:0034] |         XmlParse.cpp-L2256: SetNodeValue [ExposureAuto], [Node is not writable. : AccessException thrown in node 'ExposureAuto' while calling 'ExposureAuto.SetIntValue()' (file 'EnumerationT.h', line 83)]
[2018-11-02 14:41:36:0533] |         XmlParse.cpp-L2256: SetNodeValue [ExposureAuto], [Node is not writable. : AccessException thrown in node 'ExposureAuto' while calling 'ExposureAuto.SetIntValue()' (file 'EnumerationT.h', line 83)]
[2018-11-02 14:41:36:0981] |         XmlParse.cpp-L2256: SetNodeValue [ExposureAuto], [Node is not writable. : AccessException thrown in node 'ExposureAuto' while calling 'ExposureAuto.SetIntValue()' (file 'EnumerationT.h', line 83)]
[2018-11-02 14:41:37:0476] |         XmlParse.cpp-L2256: SetNodeValue [ExposureAuto], [Node is not writable. : AccessException thrown in node 'ExposureAuto' while calling 'ExposureAuto.SetIntValue()' (file 'EnumerationT.h', line 83)]
[2018-11-02 14:41:37:0879] |         XmlParse.cpp-L2256: SetNodeValue [ExposureAuto], [Node is not writable. : AccessException thrown in node 'ExposureAuto' while calling 'ExposureAuto.SetIntValue()' (file 'EnumerationT.h', line 83)]
[2018-11-02 14:41:38:0379] |         XmlParse.cpp-L2256: SetNodeValue [ExposureAuto], [Node is not writable. : AccessException thrown in node 'ExposureAuto' while calling 'ExposureAuto.SetIntValue()' (file 'EnumerationT.h', line 83)]
[2018-11-02 14:41:38:0790] |         XmlParse.cpp-L2256: SetNodeValue [ExposureAuto], [Node is not writable. : AccessException thrown in node 'ExposureAuto' while calling 'ExposureAuto.SetIntValue()' (file 'EnumerationT.h', line 83)]
[2018-11-02 14:53:18:0665] |         XmlParse.cpp-L2256: SetNodeValue [ExposureAuto], [Node is not writable. : AccessException thrown in node 'ExposureAuto' while calling 'ExposureAuto.SetIntValue()' (file 'EnumerationT.h', line 83)]
[2018-11-02 14:53:19:0141] |         XmlParse.cpp-L2256: SetNodeValue [ExposureAuto], [Node is not writable. : AccessException thrown in node 'ExposureAuto' while calling 'ExposureAuto.SetIntValue()' (file 'EnumerationT.h', line 83)]
[2018-11-02 14:53:19:0616] |         XmlParse.cpp-L2256: SetNodeValue [ExposureAuto], [Node is not writable. : AccessException thrown in node 'ExposureAuto' while calling 'ExposureAuto.SetIntValue()' (file 'EnumerationT.h', line 83)]
[2018-11-02 14:53:20:0046] |         XmlParse.cpp-L2256: SetNodeValue [ExposureAuto], [Node is not writable. : AccessException thrown in node 'ExposureAuto' while calling 'ExposureAuto.SetIntValue()' (file 'EnumerationT.h', line 83)]
[2018-11-02 14:53:20:0539] |         XmlParse.cpp-L2256: SetNodeValue [ExposureAuto], [Node is not writable. : AccessException thrown in node 'ExposureAuto' while calling 'ExposureAuto.SetIntValue()' (file 'EnumerationT.h', line 83)]
[2018-11-02 14:53:20:0992] |         XmlParse.cpp-L2256: SetNodeValue [ExposureAuto], [Node is not writable. : AccessException thrown in node 'ExposureAuto' while calling 'ExposureAuto.SetIntValue()' (file 'EnumerationT.h', line 83)]
[2018-11-02 14:53:21:0492] |         XmlParse.cpp-L2256: SetNodeValue [ExposureAuto], [Node is not writable. : AccessException thrown in node 'ExposureAuto' while calling 'ExposureAuto.SetIntValue()' (file 'EnumerationT.h', line 83)]
[2018-11-02 14:53:21:0897] |         XmlParse.cpp-L2256: SetNodeValue [ExposureAuto], [Node is not writable. : AccessException thrown in node 'ExposureAuto' while calling 'ExposureAuto.SetIntValue()' (file 'EnumerationT.h', line 83)]
[2018-11-02 14:53:22:0395] |         XmlParse.cpp-L2256: SetNodeValue [ExposureAuto], [Node is not writable. : AccessException thrown in node 'ExposureAuto' while calling 'ExposureAuto.SetIntValue()' (file 'EnumerationT.h', line 83)]
[2018-11-02 14:53:22:0806] |         XmlParse.cpp-L2256: SetNodeValue [ExposureAuto], [Node is not writable. : AccessException thrown in node 'ExposureAuto' while calling 'ExposureAuto.SetIntValue()' (file 'EnumerationT.h', line 83)]
[2018-11-02 14:59:36:0059] |         XmlParse.cpp-L2256: SetNodeValue [ExposureAuto], [Node is not writable. : AccessException thrown in node 'ExposureAuto' while calling 'ExposureAuto.SetIntValue()' (file 'EnumerationT.h', line 83)]
[2018-11-02 14:59:36:0497] |         XmlParse.cpp-L2256: SetNodeValue [ExposureAuto], [Node is not writable. : AccessException thrown in node 'ExposureAuto' while calling 'ExposureAuto.SetIntValue()' (file 'EnumerationT.h', line 83)]
[2018-11-02 14:59:36:0978] |         XmlParse.cpp-L2256: SetNodeValue [ExposureAuto], [Node is not writable. : AccessException thrown in node 'ExposureAuto' while calling 'ExposureAuto.SetIntValue()' (file 'EnumerationT.h', line 83)]
[2018-11-02 14:59:37:0409] |         XmlParse.cpp-L2256: SetNodeValue [ExposureAuto], [Node is not writable. : AccessException thrown in node 'ExposureAuto' while calling 'ExposureAuto.SetIntValue()' (file 'EnumerationT.h', line 83)]
[2018-11-02 14:59:37:0896] |         XmlParse.cpp-L2256: SetNodeValue [ExposureAuto], [Node is not writable. : AccessException thrown in node 'ExposureAuto' while calling 'ExposureAuto.SetIntValue()' (file 'EnumerationT.h', line 83)]
[2018-11-02 14:59:38:0335] |         XmlParse.cpp-L2256: SetNodeValue [ExposureAuto], [Node is not writable. : AccessException thrown in node 'ExposureAuto' while calling 'ExposureAuto.SetIntValue()' (file 'EnumerationT.h', line 83)]
[2018-11-02 14:59:38:0827] |         XmlParse.cpp-L2256: SetNodeValue [ExposureAuto], [Node is not writable. : AccessException thrown in node 'ExposureAuto' while calling 'ExposureAuto.SetIntValue()' (file 'EnumerationT.h', line 83)]
[2018-11-02 14:59:39:0187] |         XmlParse.cpp-L2256: SetNodeValue [ExposureAuto], [Node is not writable. : AccessException thrown in node 'ExposureAuto' while calling 'ExposureAuto.SetIntValue()' (file 'EnumerationT.h', line 83)]
[2018-11-02 14:59:39:0676] |         XmlParse.cpp-L2256: SetNodeValue [ExposureAuto], [Node is not writable. : AccessException thrown in node 'ExposureAuto' while calling 'ExposureAuto.SetIntValue()' (file 'EnumerationT.h', line 83)]
[2018-11-02 14:59:40:0106] |         XmlParse.cpp-L2256: SetNodeValue [ExposureAuto], [Node is not writable. : AccessException thrown in node 'ExposureAuto' while calling 'ExposureAuto.SetIntValue()' (file 'EnumerationT.h', line 83)]
[2018-11-02 15:03:57:0471] |         XmlParse.cpp-L2256: SetNodeValue [ExposureAuto], [Node is not writable. : AccessException thrown in node 'ExposureAuto' while calling 'ExposureAuto.SetIntValue()' (file 'EnumerationT.h', line 83)]
[2018-11-02 15:03:57:0943] |         XmlParse.cpp-L2256: SetNodeValue [ExposureAuto], [Node is not writable. : AccessException thrown in node 'ExposureAuto' while calling 'ExposureAuto.SetIntValue()' (file 'EnumerationT.h', line 83)]
[2018-11-02 15:03:58:0432] |         XmlParse.cpp-L2256: SetNodeValue [ExposureAuto], [Node is not writable. : AccessException thrown in node 'ExposureAuto' while calling 'ExposureAuto.SetIntValue()' (file 'EnumerationT.h', line 83)]
[2018-11-02 15:03:58:0864] |         XmlParse.cpp-L2256: SetNodeValue [ExposureAuto], [Node is not writable. : AccessException thrown in node 'ExposureAuto' while calling 'ExposureAuto.SetIntValue()' (file 'EnumerationT.h', line 83)]
[2018-11-02 15:03:59:0366] |         XmlParse.cpp-L2256: SetNodeValue [ExposureAuto], [Node is not writable. : AccessException thrown in node 'ExposureAuto' while calling 'ExposureAuto.SetIntValue()' (file 'EnumerationT.h', line 83)]
[2018-11-02 15:03:59:0815] |         XmlParse.cpp-L2256: SetNodeValue [ExposureAuto], [Node is not writable. : AccessException thrown in node 'ExposureAuto' while calling 'ExposureAuto.SetIntValue()' (file 'EnumerationT.h', line 83)]
[2018-11-02 15:04:00:0325] |         XmlParse.cpp-L2256: SetNodeValue [ExposureAuto], [Node is not writable. : AccessException thrown in node 'ExposureAuto' while calling 'ExposureAuto.SetIntValue()' (file 'EnumerationT.h', line 83)]
[2018-11-02 15:04:00:0756] |         XmlParse.cpp-L2256: SetNodeValue [ExposureAuto], [Node is not writable. : AccessException thrown in node 'ExposureAuto' while calling 'ExposureAuto.SetIntValue()' (file 'EnumerationT.h', line 83)]
[2018-11-02 15:04:01:0253] |         XmlParse.cpp-L2256: SetNodeValue [ExposureAuto], [Node is not writable. : AccessException thrown in node 'ExposureAuto' while calling 'ExposureAuto.SetIntValue()' (file 'EnumerationT.h', line 83)]
[2018-11-02 15:04:01:0664] |         XmlParse.cpp-L2256: SetNodeValue [ExposureAuto], [Node is not writable. : AccessException thrown in node 'ExposureAuto' while calling 'ExposureAuto.SetIntValue()' (file 'EnumerationT.h', line 83)]
[2018-11-02 15:04:15:0329] |         XmlParse.cpp-L2256: SetNodeValue [ExposureAuto], [Node is not writable. : AccessException thrown in node 'ExposureAuto' while calling 'ExposureAuto.SetIntValue()' (file 'EnumerationT.h', line 83)]
[2018-11-02 15:04:15:0341] |         XmlParse.cpp-L2256: SetNodeValue [ExposureAuto], [Node is not writable. : AccessException thrown in node 'ExposureAuto' while calling 'ExposureAuto.SetIntValue()' (file 'EnumerationT.h', line 83)]
[2018-11-02 15:04:34:0502] |         XmlParse.cpp-L2256: SetNodeValue [ExposureAuto], [Node is not writable. : AccessException thrown in node 'ExposureAuto' while calling 'ExposureAuto.SetIntValue()' (file 'EnumerationT.h', line 83)]
[2018-11-02 15:04:34:0938] |         XmlParse.cpp-L2256: SetNodeValue [ExposureAuto], [Node is not writable. : AccessException thrown in node 'ExposureAuto' while calling 'ExposureAuto.SetIntValue()' (file 'EnumerationT.h', line 83)]
[2018-11-02 15:04:35:0411] |         XmlParse.cpp-L2256: SetNodeValue [ExposureAuto], [Node is not writable. : AccessException thrown in node 'ExposureAuto' while calling 'ExposureAuto.SetIntValue()' (file 'EnumerationT.h', line 83)]
[2018-11-02 15:04:35:0839] |         XmlParse.cpp-L2256: SetNodeValue [ExposureAuto], [Node is not writable. : AccessException thrown in node 'ExposureAuto' while calling 'ExposureAuto.SetIntValue()' (file 'EnumerationT.h', line 83)]
[2018-11-02 15:04:36:0326] |         XmlParse.cpp-L2256: SetNodeValue [ExposureAuto], [Node is not writable. : AccessException thrown in node 'ExposureAuto' while calling 'ExposureAuto.SetIntValue()' (file 'EnumerationT.h', line 83)]
[2018-11-02 15:04:36:0769] |         XmlParse.cpp-L2256: SetNodeValue [ExposureAuto], [Node is not writable. : AccessException thrown in node 'ExposureAuto' while calling 'ExposureAuto.SetIntValue()' (file 'EnumerationT.h', line 83)]
[2018-11-02 15:04:37:0265] |         XmlParse.cpp-L2256: SetNodeValue [ExposureAuto], [Node is not writable. : AccessException thrown in node 'ExposureAuto' while calling 'ExposureAuto.SetIntValue()' (file 'EnumerationT.h', line 83)]
[2018-11-02 15:04:37:0662] |         XmlParse.cpp-L2256: SetNodeValue [ExposureAuto], [Node is not writable. : AccessException thrown in node 'ExposureAuto' while calling 'ExposureAuto.SetIntValue()' (file 'EnumerationT.h', line 83)]
[2018-11-02 15:04:38:0158] |         XmlParse.cpp-L2256: SetNodeValue [ExposureAuto], [Node is not writable. : AccessException thrown in node 'ExposureAuto' while calling 'ExposureAuto.SetIntValue()' (file 'EnumerationT.h', line 83)]
[2018-11-02 15:04:38:0566] |         XmlParse.cpp-L2256: SetNodeValue [ExposureAuto], [Node is not writable. : AccessException thrown in node 'ExposureAuto' while calling 'ExposureAuto.SetIntValue()' (file 'EnumerationT.h', line 83)]
[2018-11-02 15:05:36:0379] |         XmlParse.cpp-L2256: SetNodeValue [ExposureAuto], [Node is not writable. : AccessException thrown in node 'ExposureAuto' while calling 'ExposureAuto.SetIntValue()' (file 'EnumerationT.h', line 83)]
[2018-11-02 15:05:36:0812] |         XmlParse.cpp-L2256: SetNodeValue [ExposureAuto], [Node is not writable. : AccessException thrown in node 'ExposureAuto' while calling 'ExposureAuto.SetIntValue()' (file 'EnumerationT.h', line 83)]
[2018-11-02 15:05:37:0298] |         XmlParse.cpp-L2256: SetNodeValue [ExposureAuto], [Node is not writable. : AccessException thrown in node 'ExposureAuto' while calling 'ExposureAuto.SetIntValue()' (file 'EnumerationT.h', line 83)]
[2018-11-02 15:05:37:0723] |         XmlParse.cpp-L2256: SetNodeValue [ExposureAuto], [Node is not writable. : AccessException thrown in node 'ExposureAuto' while calling 'ExposureAuto.SetIntValue()' (file 'EnumerationT.h', line 83)]
[2018-11-02 15:05:38:0214] |         XmlParse.cpp-L2256: SetNodeValue [ExposureAuto], [Node is not writable. : AccessException thrown in node 'ExposureAuto' while calling 'ExposureAuto.SetIntValue()' (file 'EnumerationT.h', line 83)]
[2018-11-02 15:05:38:0649] |         XmlParse.cpp-L2256: SetNodeValue [ExposureAuto], [Node is not writable. : AccessException thrown in node 'ExposureAuto' while calling 'ExposureAuto.SetIntValue()' (file 'EnumerationT.h', line 83)]
[2018-11-02 15:05:39:0150] |         XmlParse.cpp-L2256: SetNodeValue [ExposureAuto], [Node is not writable. : AccessException thrown in node 'ExposureAuto' while calling 'ExposureAuto.SetIntValue()' (file 'EnumerationT.h', line 83)]
[2018-11-02 15:05:39:0550] |         XmlParse.cpp-L2256: SetNodeValue [ExposureAuto], [Node is not writable. : AccessException thrown in node 'ExposureAuto' while calling 'ExposureAuto.SetIntValue()' (file 'EnumerationT.h', line 83)]
[2018-11-02 15:05:40:0037] |         XmlParse.cpp-L2256: SetNodeValue [ExposureAuto], [Node is not writable. : AccessException thrown in node 'ExposureAuto' while calling 'ExposureAuto.SetIntValue()' (file 'EnumerationT.h', line 83)]
[2018-11-02 15:05:40:0446] |         XmlParse.cpp-L2256: SetNodeValue [ExposureAuto], [Node is not writable. : AccessException thrown in node 'ExposureAuto' while calling 'ExposureAuto.SetIntValue()' (file 'EnumerationT.h', line 83)]
[2018-11-02 15:07:22:0253] |         XmlParse.cpp-L2256: SetNodeValue [ExposureAuto], [Node is not writable. : AccessException thrown in node 'ExposureAuto' while calling 'ExposureAuto.SetIntValue()' (file 'EnumerationT.h', line 83)]
[2018-11-02 15:07:22:0709] |         XmlParse.cpp-L2256: SetNodeValue [ExposureAuto], [Node is not writable. : AccessException thrown in node 'ExposureAuto' while calling 'ExposureAuto.SetIntValue()' (file 'EnumerationT.h', line 83)]
[2018-11-02 15:07:23:0184] |         XmlParse.cpp-L2256: SetNodeValue [ExposureAuto], [Node is not writable. : AccessException thrown in node 'ExposureAuto' while calling 'ExposureAuto.SetIntValue()' (file 'EnumerationT.h', line 83)]
[2018-11-02 15:07:23:0611] |         XmlParse.cpp-L2256: SetNodeValue [ExposureAuto], [Node is not writable. : AccessException thrown in node 'ExposureAuto' while calling 'ExposureAuto.SetIntValue()' (file 'EnumerationT.h', line 83)]
[2018-11-02 15:07:24:0092] |         XmlParse.cpp-L2256: SetNodeValue [ExposureAuto], [Node is not writable. : AccessException thrown in node 'ExposureAuto' while calling 'ExposureAuto.SetIntValue()' (file 'EnumerationT.h', line 83)]
[2018-11-02 15:07:24:0544] |         XmlParse.cpp-L2256: SetNodeValue [ExposureAuto], [Node is not writable. : AccessException thrown in node 'ExposureAuto' while calling 'ExposureAuto.SetIntValue()' (file 'EnumerationT.h', line 83)]
[2018-11-02 15:07:25:0051] |         XmlParse.cpp-L2256: SetNodeValue [ExposureAuto], [Node is not writable. : AccessException thrown in node 'ExposureAuto' while calling 'ExposureAuto.SetIntValue()' (file 'EnumerationT.h', line 83)]
[2018-11-02 15:07:25:0454] |         XmlParse.cpp-L2256: SetNodeValue [ExposureAuto], [Node is not writable. : AccessException thrown in node 'ExposureAuto' while calling 'ExposureAuto.SetIntValue()' (file 'EnumerationT.h', line 83)]
[2018-11-02 15:07:25:0940] |         XmlParse.cpp-L2256: SetNodeValue [ExposureAuto], [Node is not writable. : AccessException thrown in node 'ExposureAuto' while calling 'ExposureAuto.SetIntValue()' (file 'EnumerationT.h', line 83)]
[2018-11-02 15:07:26:0354] |         XmlParse.cpp-L2256: SetNodeValue [ExposureAuto], [Node is not writable. : AccessException thrown in node 'ExposureAuto' while calling 'ExposureAuto.SetIntValue()' (file 'EnumerationT.h', line 83)]
[2018-11-02 15:08:02:0890] |         XmlParse.cpp-L2256: SetNodeValue [ExposureAuto], [Node is not writable. : AccessException thrown in node 'ExposureAuto' while calling 'ExposureAuto.SetIntValue()' (file 'EnumerationT.h', line 83)]
[2018-11-02 15:08:03:0358] |         XmlParse.cpp-L2256: SetNodeValue [ExposureAuto], [Node is not writable. : AccessException thrown in node 'ExposureAuto' while calling 'ExposureAuto.SetIntValue()' (file 'EnumerationT.h', line 83)]
[2018-11-02 15:08:03:0843] |         XmlParse.cpp-L2256: SetNodeValue [ExposureAuto], [Node is not writable. : AccessException thrown in node 'ExposureAuto' while calling 'ExposureAuto.SetIntValue()' (file 'EnumerationT.h', line 83)]
[2018-11-02 15:08:04:0279] |         XmlParse.cpp-L2256: SetNodeValue [ExposureAuto], [Node is not writable. : AccessException thrown in node 'ExposureAuto' while calling 'ExposureAuto.SetIntValue()' (file 'EnumerationT.h', line 83)]
[2018-11-02 15:08:04:0764] |         XmlParse.cpp-L2256: SetNodeValue [ExposureAuto], [Node is not writable. : AccessException thrown in node 'ExposureAuto' while calling 'ExposureAuto.SetIntValue()' (file 'EnumerationT.h', line 83)]
[2018-11-02 15:08:05:0210] |         XmlParse.cpp-L2256: SetNodeValue [ExposureAuto], [Node is not writable. : AccessException thrown in node 'ExposureAuto' while calling 'ExposureAuto.SetIntValue()' (file 'EnumerationT.h', line 83)]
[2018-11-02 15:08:05:0707] |         XmlParse.cpp-L2256: SetNodeValue [ExposureAuto], [Node is not writable. : AccessException thrown in node 'ExposureAuto' while calling 'ExposureAuto.SetIntValue()' (file 'EnumerationT.h', line 83)]
[2018-11-02 15:08:06:0110] |         XmlParse.cpp-L2256: SetNodeValue [ExposureAuto], [Node is not writable. : AccessException thrown in node 'ExposureAuto' while calling 'ExposureAuto.SetIntValue()' (file 'EnumerationT.h', line 83)]
[2018-11-02 15:08:06:0599] |         XmlParse.cpp-L2256: SetNodeValue [ExposureAuto], [Node is not writable. : AccessException thrown in node 'ExposureAuto' while calling 'ExposureAuto.SetIntValue()' (file 'EnumerationT.h', line 83)]
[2018-11-02 15:08:07:0013] |         XmlParse.cpp-L2256: SetNodeValue [ExposureAuto], [Node is not writable. : AccessException thrown in node 'ExposureAuto' while calling 'ExposureAuto.SetIntValue()' (file 'EnumerationT.h', line 83)]
[2018-11-02 15:08:19:0616] |         XmlParse.cpp-L2256: SetNodeValue [ExposureAuto], [Node is not writable. : AccessException thrown in node 'ExposureAuto' while calling 'ExposureAuto.SetIntValue()' (file 'EnumerationT.h', line 83)]
[2018-11-02 15:08:20:0045] |         XmlParse.cpp-L2256: SetNodeValue [ExposureAuto], [Node is not writable. : AccessException thrown in node 'ExposureAuto' while calling 'ExposureAuto.SetIntValue()' (file 'EnumerationT.h', line 83)]
[2018-11-02 15:08:20:0535] |         XmlParse.cpp-L2256: SetNodeValue [ExposureAuto], [Node is not writable. : AccessException thrown in node 'ExposureAuto' while calling 'ExposureAuto.SetIntValue()' (file 'EnumerationT.h', line 83)]
[2018-11-02 15:08:20:0959] |         XmlParse.cpp-L2256: SetNodeValue [ExposureAuto], [Node is not writable. : AccessException thrown in node 'ExposureAuto' while calling 'ExposureAuto.SetIntValue()' (file 'EnumerationT.h', line 83)]
[2018-11-02 15:08:21:0449] |         XmlParse.cpp-L2256: SetNodeValue [ExposureAuto], [Node is not writable. : AccessException thrown in node 'ExposureAuto' while calling 'ExposureAuto.SetIntValue()' (file 'EnumerationT.h', line 83)]
[2018-11-02 15:08:21:0883] |         XmlParse.cpp-L2256: SetNodeValue [ExposureAuto], [Node is not writable. : AccessException thrown in node 'ExposureAuto' while calling 'ExposureAuto.SetIntValue()' (file 'EnumerationT.h', line 83)]
[2018-11-02 15:08:22:0374] |         XmlParse.cpp-L2256: SetNodeValue [ExposureAuto], [Node is not writable. : AccessException thrown in node 'ExposureAuto' while calling 'ExposureAuto.SetIntValue()' (file 'EnumerationT.h', line 83)]
[2018-11-02 15:08:22:0768] |         XmlParse.cpp-L2256: SetNodeValue [ExposureAuto], [Node is not writable. : AccessException thrown in node 'ExposureAuto' while calling 'ExposureAuto.SetIntValue()' (file 'EnumerationT.h', line 83)]
[2018-11-02 15:08:23:0257] |         XmlParse.cpp-L2256: SetNodeValue [ExposureAuto], [Node is not writable. : AccessException thrown in node 'ExposureAuto' while calling 'ExposureAuto.SetIntValue()' (file 'EnumerationT.h', line 83)]
[2018-11-02 15:08:23:0664] |         XmlParse.cpp-L2256: SetNodeValue [ExposureAuto], [Node is not writable. : AccessException thrown in node 'ExposureAuto' while calling 'ExposureAuto.SetIntValue()' (file 'EnumerationT.h', line 83)]
[2018-11-02 15:09:05:0350] |         XmlParse.cpp-L2256: SetNodeValue [ExposureAuto], [Node is not writable. : AccessException thrown in node 'ExposureAuto' while calling 'ExposureAuto.SetIntValue()' (file 'EnumerationT.h', line 83)]
[2018-11-02 15:09:05:0806] |         XmlParse.cpp-L2256: SetNodeValue [ExposureAuto], [Node is not writable. : AccessException thrown in node 'ExposureAuto' while calling 'ExposureAuto.SetIntValue()' (file 'EnumerationT.h', line 83)]
[2018-11-02 15:09:06:0284] |         XmlParse.cpp-L2256: SetNodeValue [ExposureAuto], [Node is not writable. : AccessException thrown in node 'ExposureAuto' while calling 'ExposureAuto.SetIntValue()' (file 'EnumerationT.h', line 83)]
[2018-11-02 15:09:06:0715] |         XmlParse.cpp-L2256: SetNodeValue [ExposureAuto], [Node is not writable. : AccessException thrown in node 'ExposureAuto' while calling 'ExposureAuto.SetIntValue()' (file 'EnumerationT.h', line 83)]
[2018-11-02 15:09:07:0207] |         XmlParse.cpp-L2256: SetNodeValue [ExposureAuto], [Node is not writable. : AccessException thrown in node 'ExposureAuto' while calling 'ExposureAuto.SetIntValue()' (file 'EnumerationT.h', line 83)]
[2018-11-02 15:09:07:0650] |         XmlParse.cpp-L2256: SetNodeValue [ExposureAuto], [Node is not writable. : AccessException thrown in node 'ExposureAuto' while calling 'ExposureAuto.SetIntValue()' (file 'EnumerationT.h', line 83)]
[2018-11-02 15:09:08:0148] |         XmlParse.cpp-L2256: SetNodeValue [ExposureAuto], [Node is not writable. : AccessException thrown in node 'ExposureAuto' while calling 'ExposureAuto.SetIntValue()' (file 'EnumerationT.h', line 83)]
[2018-11-02 15:09:08:0550] |         XmlParse.cpp-L2256: SetNodeValue [ExposureAuto], [Node is not writable. : AccessException thrown in node 'ExposureAuto' while calling 'ExposureAuto.SetIntValue()' (file 'EnumerationT.h', line 83)]
[2018-11-02 15:09:09:0042] |         XmlParse.cpp-L2256: SetNodeValue [ExposureAuto], [Node is not writable. : AccessException thrown in node 'ExposureAuto' while calling 'ExposureAuto.SetIntValue()' (file 'EnumerationT.h', line 83)]
[2018-11-02 15:09:09:0461] |         XmlParse.cpp-L2256: SetNodeValue [ExposureAuto], [Node is not writable. : AccessException thrown in node 'ExposureAuto' while calling 'ExposureAuto.SetIntValue()' (file 'EnumerationT.h', line 83)]
[2018-11-02 15:12:56:0780] |         XmlParse.cpp-L2256: SetNodeValue [ExposureAuto], [Node is not writable. : AccessException thrown in node 'ExposureAuto' while calling 'ExposureAuto.SetIntValue()' (file 'EnumerationT.h', line 83)]
[2018-11-02 15:12:57:0218] |         XmlParse.cpp-L2256: SetNodeValue [ExposureAuto], [Node is not writable. : AccessException thrown in node 'ExposureAuto' while calling 'ExposureAuto.SetIntValue()' (file 'EnumerationT.h', line 83)]
[2018-11-02 15:12:57:0698] |         XmlParse.cpp-L2256: SetNodeValue [ExposureAuto], [Node is not writable. : AccessException thrown in node 'ExposureAuto' while calling 'ExposureAuto.SetIntValue()' (file 'EnumerationT.h', line 83)]
[2018-11-02 15:12:58:0126] |         XmlParse.cpp-L2256: SetNodeValue [ExposureAuto], [Node is not writable. : AccessException thrown in node 'ExposureAuto' while calling 'ExposureAuto.SetIntValue()' (file 'EnumerationT.h', line 83)]
[2018-11-02 15:12:58:0611] |         XmlParse.cpp-L2256: SetNodeValue [ExposureAuto], [Node is not writable. : AccessException thrown in node 'ExposureAuto' while calling 'ExposureAuto.SetIntValue()' (file 'EnumerationT.h', line 83)]
[2018-11-02 15:12:59:0055] |         XmlParse.cpp-L2256: SetNodeValue [ExposureAuto], [Node is not writable. : AccessException thrown in node 'ExposureAuto' while calling 'ExposureAuto.SetIntValue()' (file 'EnumerationT.h', line 83)]
[2018-11-02 15:12:59:0551] |         XmlParse.cpp-L2256: SetNodeValue [ExposureAuto], [Node is not writable. : AccessException thrown in node 'ExposureAuto' while calling 'ExposureAuto.SetIntValue()' (file 'EnumerationT.h', line 83)]
[2018-11-02 15:12:59:0951] |         XmlParse.cpp-L2256: SetNodeValue [ExposureAuto], [Node is not writable. : AccessException thrown in node 'ExposureAuto' while calling 'ExposureAuto.SetIntValue()' (file 'EnumerationT.h', line 83)]
[2018-11-02 15:13:00:0439] |         XmlParse.cpp-L2256: SetNodeValue [ExposureAuto], [Node is not writable. : AccessException thrown in node 'ExposureAuto' while calling 'ExposureAuto.SetIntValue()' (file 'EnumerationT.h', line 83)]
[2018-11-02 15:13:00:0851] |         XmlParse.cpp-L2256: SetNodeValue [ExposureAuto], [Node is not writable. : AccessException thrown in node 'ExposureAuto' while calling 'ExposureAuto.SetIntValue()' (file 'EnumerationT.h', line 83)]
[2018-11-02 15:13:11:0896] |         XmlParse.cpp-L2256: SetNodeValue [ExposureAuto], [Node is not writable. : AccessException thrown in node 'ExposureAuto' while calling 'ExposureAuto.SetIntValue()' (file 'EnumerationT.h', line 83)]
[2018-11-02 15:13:12:0356] |         XmlParse.cpp-L2256: SetNodeValue [ExposureAuto], [Node is not writable. : AccessException thrown in node 'ExposureAuto' while calling 'ExposureAuto.SetIntValue()' (file 'EnumerationT.h', line 83)]
[2018-11-02 15:13:12:0838] |         XmlParse.cpp-L2256: SetNodeValue [ExposureAuto], [Node is not writable. : AccessException thrown in node 'ExposureAuto' while calling 'ExposureAuto.SetIntValue()' (file 'EnumerationT.h', line 83)]
[2018-11-02 15:13:13:0267] |         XmlParse.cpp-L2256: SetNodeValue [ExposureAuto], [Node is not writable. : AccessException thrown in node 'ExposureAuto' while calling 'ExposureAuto.SetIntValue()' (file 'EnumerationT.h', line 83)]
[2018-11-02 15:13:13:0750] |         XmlParse.cpp-L2256: SetNodeValue [ExposureAuto], [Node is not writable. : AccessException thrown in node 'ExposureAuto' while calling 'ExposureAuto.SetIntValue()' (file 'EnumerationT.h', line 83)]
[2018-11-02 15:13:14:0192] |         XmlParse.cpp-L2256: SetNodeValue [ExposureAuto], [Node is not writable. : AccessException thrown in node 'ExposureAuto' while calling 'ExposureAuto.SetIntValue()' (file 'EnumerationT.h', line 83)]
[2018-11-02 15:13:14:0711] |         XmlParse.cpp-L2256: SetNodeValue [ExposureAuto], [Node is not writable. : AccessException thrown in node 'ExposureAuto' while calling 'ExposureAuto.SetIntValue()' (file 'EnumerationT.h', line 83)]
[2018-11-02 15:13:15:0116] |         XmlParse.cpp-L2256: SetNodeValue [ExposureAuto], [Node is not writable. : AccessException thrown in node 'ExposureAuto' while calling 'ExposureAuto.SetIntValue()' (file 'EnumerationT.h', line 83)]
[2018-11-02 15:13:15:0606] |         XmlParse.cpp-L2256: SetNodeValue [ExposureAuto], [Node is not writable. : AccessException thrown in node 'ExposureAuto' while calling 'ExposureAuto.SetIntValue()' (file 'EnumerationT.h', line 83)]
[2018-11-02 15:13:16:0019] |         XmlParse.cpp-L2256: SetNodeValue [ExposureAuto], [Node is not writable. : AccessException thrown in node 'ExposureAuto' while calling 'ExposureAuto.SetIntValue()' (file 'EnumerationT.h', line 83)]
